2017-06-09 19:40:03,213 [WARNING] yandextank.core.consoleworker consoleworker.py:169	/etc/yandex-tank is not accessible to get configs list
2017-06-09 19:40:03,213 [INFO] yandextank.core.tankcore tankcore.py:121	Loading configs...
2017-06-09 19:40:03,213 [DEBUG] yandextank.core.tankcore tankcore.py:617	Reading configs: ['/usr/local/lib/python2.7/dist-packages/yandextank/core/config/00-base.ini', '/root/.yandex-tank']
2017-06-09 19:40:03,214 [DEBUG] yandextank.core.tankcore tankcore.py:646	Section: [tank] prefix: '' options:
[('uuid', '94d8c4c7-f1e9-4b6b-bdf4-7774adc52ea8'), ('pid', '1'), ('lock_dir', '/var/lock'), ('plugin_rcheck', 'yandextank.plugins.ResourceCheck'), ('plugin_shellexec', 'yandextank.plugins.ShellExec'), ('plugin_phantom', 'yandextank.plugins.Phantom'), ('plugin_aggregate', 'yandextank.plugins.Aggregator'), ('plugin_autostop', 'yandextank.plugins.Autostop'), ('plugin_telegraf', 'yandextank.plugins.Telegraf'), ('plugin_console', 'yandextank.plugins.Console'), ('plugin_tips', 'yandextank.plugins.TipsAndTricks'), ('plugin_rcassert', 'yandextank.plugins.RCAssert'), ('plugin_jsonreport', 'yandextank.plugins.JsonReport'), ('artifacts_base_dir', 'logs')]
2017-06-09 19:40:03,214 [DEBUG] yandextank.core.tankcore tankcore.py:477	Adding artifact file to collect (keep=False): /var/lock/lunapark_xXTGD8.lock
2017-06-09 19:40:03,214 [INFO] yandextank.core.tankcore tankcore.py:140	Loading plugins...
2017-06-09 19:40:03,215 [DEBUG] yandextank.core.tankcore tankcore.py:646	Section: [tank] prefix: 'plugin_' options:
[('rcheck', 'yandextank.plugins.ResourceCheck'), ('shellexec', 'yandextank.plugins.ShellExec'), ('phantom', 'yandextank.plugins.Phantom'), ('aggregate', 'yandextank.plugins.Aggregator'), ('autostop', 'yandextank.plugins.Autostop'), ('telegraf', 'yandextank.plugins.Telegraf'), ('console', 'yandextank.plugins.Console'), ('tips', 'yandextank.plugins.TipsAndTricks'), ('rcassert', 'yandextank.plugins.RCAssert'), ('jsonreport', 'yandextank.plugins.JsonReport')]
2017-06-09 19:40:03,215 [DEBUG] yandextank.core.tankcore tankcore.py:161	Loading plugin rcheck from yandextank.plugins.ResourceCheck
2017-06-09 19:40:03,216 [DEBUG] yandextank.core.tankcore tankcore.py:161	Loading plugin shellexec from yandextank.plugins.ShellExec
2017-06-09 19:40:03,216 [DEBUG] yandextank.core.tankcore tankcore.py:161	Loading plugin phantom from yandextank.plugins.Phantom
2017-06-09 19:40:03,216 [DEBUG] yandextank.core.tankcore tankcore.py:161	Loading plugin aggregate from yandextank.plugins.Aggregator
2017-06-09 19:40:03,216 [DEBUG] yandextank.core.tankcore tankcore.py:161	Loading plugin autostop from yandextank.plugins.Autostop
2017-06-09 19:40:03,216 [DEBUG] yandextank.core.tankcore tankcore.py:161	Loading plugin telegraf from yandextank.plugins.Telegraf
2017-06-09 19:40:03,216 [DEBUG] yandextank.core.tankcore tankcore.py:161	Loading plugin console from yandextank.plugins.Console
2017-06-09 19:40:03,216 [DEBUG] yandextank.core.tankcore tankcore.py:161	Loading plugin tips from yandextank.plugins.TipsAndTricks
2017-06-09 19:40:03,217 [DEBUG] yandextank.core.tankcore tankcore.py:161	Loading plugin rcassert from yandextank.plugins.RCAssert
2017-06-09 19:40:03,217 [DEBUG] yandextank.core.tankcore tankcore.py:161	Loading plugin jsonreport from yandextank.plugins.JsonReport
2017-06-09 19:40:03,218 [DEBUG] yandextank.core.tankcore tankcore.py:217	Plugin instances: {'plugin_phantom': <yandextank.plugins.Phantom.plugin.Plugin object at 0x7fbf98c66050>, 'plugin_autostop': <yandextank.plugins.Autostop.plugin.Plugin object at 0x7fbf98c66250>, 'plugin_console': <yandextank.plugins.Console.plugin.Plugin object at 0x7fbf98c66350>, 'plugin_jsonreport': <yandextank.plugins.JsonReport.plugin.Plugin object at 0x7fbf98c667d0>, 'plugin_shellexec': <yandextank.plugins.ShellExec.plugin.Plugin object at 0x7fbf98c46f50>, 'plugin_tips': <yandextank.plugins.TipsAndTricks.plugin.Plugin object at 0x7fbf98c66510>, 'plugin_rcassert': <yandextank.plugins.RCAssert.plugin.Plugin object at 0x7fbf98c66790>, 'plugin_telegraf': <yandextank.plugins.Telegraf.plugin.Plugin object at 0x7fbf98c662d0>, 'plugin_rcheck': <yandextank.plugins.ResourceCheck.plugin.Plugin object at 0x7fbf98c46a90>, 'plugin_aggregate': <yandextank.plugins.Aggregator.plugin.Plugin object at 0x7fbf98c660d0>}
2017-06-09 19:40:03,218 [INFO] yandextank.core.consoleworker consoleworker.py:264	Performing test
2017-06-09 19:40:03,218 [INFO] yandextank.core.tankcore tankcore.py:227	Configuring plugins...
2017-06-09 19:40:03,218 [DEBUG] yandextank.core.tankcore tankcore.py:433	Searching for plugin: <class 'yandextank.plugins.Telegraf.plugin.Plugin'>
2017-06-09 19:40:03,219 [DEBUG] yandextank.core.tankcore tankcore.py:433	Searching for plugin: <class 'yandextank.plugins.Aggregator.plugin.Plugin'>
2017-06-09 19:40:03,219 [DEBUG] yandextank.core.tankcore tankcore.py:433	Searching for plugin: <class 'yandextank.common.interfaces.GeneratorPlugin'>
2017-06-09 19:40:03,219 [DEBUG] yandextank.core.tankcore tankcore.py:262	Configuring <yandextank.plugins.Phantom.plugin.Plugin object at 0x7fbf98c66050>
2017-06-09 19:40:03,219 [DEBUG] yandextank.core.tankcore tankcore.py:393	No section 'phantom', adding
2017-06-09 19:40:03,220 [DEBUG] yandextank.core.tankcore tankcore.py:433	Searching for plugin: <class 'yandextank.plugins.Autostop.plugin.Plugin'>
2017-06-09 19:40:03,222 [DEBUG] yandextank.core.tankcore tankcore.py:477	Adding artifact file to collect (keep=False): /var/loadtest/logs/answ_nwsmIi.log
2017-06-09 19:40:03,222 [DEBUG] yandextank.core.tankcore tankcore.py:477	Adding artifact file to collect (keep=False): /var/loadtest/logs/phout_NizkED.log
2017-06-09 19:40:03,223 [DEBUG] yandextank.core.tankcore tankcore.py:477	Adding artifact file to collect (keep=False): /var/loadtest/logs/phantom_stat_QulmuU.log
2017-06-09 19:40:03,223 [DEBUG] yandextank.core.tankcore tankcore.py:477	Adding artifact file to collect (keep=False): /var/loadtest/logs/phantom_u5hI2O.log
2017-06-09 19:40:03,226 [DEBUG] yandextank.common.util util.py:516	Trying to resolve address string: 127.0.0.1
2017-06-09 19:40:03,227 [DEBUG] yandextank.common.util util.py:533	Parsing port
2017-06-09 19:40:03,227 [DEBUG] yandextank.common.util util.py:543	Lookup result: [(2, 1, 6, '', ('127.0.0.1', 0)), (2, 2, 17, '', ('127.0.0.1', 0)), (2, 3, 0, '', ('127.0.0.1', 0))]
2017-06-09 19:40:03,227 [INFO] yandextank.plugins.Phantom.utils utils.py:278	Resolved 127.0.0.1 into 127.0.0.1:80
2017-06-09 19:40:03,228 [INFO] yandextank.stepper.main main.py:144	Configuring StepperWrapper...
2017-06-09 19:40:03,228 [DEBUG] yandextank.stepper.main main.py:122	Option phantom.ammofile = 
2017-06-09 19:40:03,229 [DEBUG] yandextank.stepper.main main.py:122	Option phantom.ammo_type = 
2017-06-09 19:40:03,229 [DEBUG] yandextank.stepper.main main.py:122	Option phantom.loop = -1
2017-06-09 19:40:03,229 [DEBUG] yandextank.stepper.main main.py:122	Option phantom.ammo_limit = -1
2017-06-09 19:40:03,230 [DEBUG] yandextank.stepper.main main.py:122	Option phantom.rps_schedule = 
2017-06-09 19:40:03,230 [DEBUG] yandextank.stepper.main main.py:122	Option phantom.instances_schedule = 
2017-06-09 19:40:03,230 [DEBUG] yandextank.stepper.main main.py:122	Option phantom.instances = 1000
2017-06-09 19:40:03,231 [DEBUG] yandextank.stepper.main main.py:122	Option phantom.uris = 
2017-06-09 19:40:03,231 [DEBUG] yandextank.stepper.main main.py:122	Option phantom.headers = 
2017-06-09 19:40:03,232 [DEBUG] yandextank.stepper.main main.py:122	Option phantom.header_http = 1.0
2017-06-09 19:40:03,232 [DEBUG] yandextank.stepper.main main.py:122	Option phantom.autocases = 0
2017-06-09 19:40:03,232 [DEBUG] yandextank.stepper.main main.py:122	Option phantom.enum_ammo = False
2017-06-09 19:40:03,233 [DEBUG] yandextank.stepper.main main.py:122	Option phantom.use_caching = 1
2017-06-09 19:40:03,233 [DEBUG] yandextank.stepper.main main.py:122	Option phantom.file_cache = 8192
2017-06-09 19:40:03,233 [DEBUG] yandextank.stepper.main main.py:122	Option phantom.force_stepping = 0
2017-06-09 19:40:03,234 [DEBUG] yandextank.stepper.main main.py:122	Option phantom.stpd_file = 
2017-06-09 19:40:03,234 [DEBUG] yandextank.stepper.main main.py:122	Option phantom.chosen_cases = 
2017-06-09 19:40:03,234 [DEBUG] yandextank.core.tankcore tankcore.py:262	Configuring <yandextank.plugins.Autostop.plugin.Plugin object at 0x7fbf98c66250>
2017-06-09 19:40:03,235 [DEBUG] yandextank.core.tankcore tankcore.py:433	Searching for plugin: <class 'yandextank.plugins.Aggregator.plugin.Plugin'>
2017-06-09 19:40:03,235 [DEBUG] yandextank.core.tankcore tankcore.py:393	No section 'autostop', adding
2017-06-09 19:40:03,236 [DEBUG] yandextank.core.tankcore tankcore.py:262	Configuring <yandextank.plugins.Console.plugin.Plugin object at 0x7fbf98c66350>
2017-06-09 19:40:03,236 [DEBUG] yandextank.core.tankcore tankcore.py:393	No section 'console', adding
2017-06-09 19:40:03,237 [DEBUG] yandextank.core.tankcore tankcore.py:433	Searching for plugin: <class 'yandextank.plugins.Aggregator.plugin.Plugin'>
2017-06-09 19:40:03,237 [DEBUG] yandextank.core.tankcore tankcore.py:262	Configuring <yandextank.plugins.JsonReport.plugin.Plugin object at 0x7fbf98c667d0>
2017-06-09 19:40:03,237 [DEBUG] yandextank.core.tankcore tankcore.py:393	No section 'json_report', adding
2017-06-09 19:40:03,238 [DEBUG] yandextank.core.tankcore tankcore.py:262	Configuring <yandextank.plugins.ShellExec.plugin.Plugin object at 0x7fbf98c46f50>
2017-06-09 19:40:03,238 [DEBUG] yandextank.core.tankcore tankcore.py:393	No section 'shellexec', adding
2017-06-09 19:40:03,239 [DEBUG] yandextank.core.tankcore tankcore.py:262	Configuring <yandextank.plugins.TipsAndTricks.plugin.Plugin object at 0x7fbf98c66510>
2017-06-09 19:40:03,239 [DEBUG] yandextank.core.tankcore tankcore.py:393	No section 'tips', adding
2017-06-09 19:40:03,240 [DEBUG] yandextank.core.tankcore tankcore.py:262	Configuring <yandextank.plugins.RCAssert.plugin.Plugin object at 0x7fbf98c66790>
2017-06-09 19:40:03,240 [DEBUG] yandextank.core.tankcore tankcore.py:393	No section 'rcassert', adding
2017-06-09 19:40:03,241 [DEBUG] yandextank.core.tankcore tankcore.py:262	Configuring <yandextank.plugins.Telegraf.plugin.Plugin object at 0x7fbf98c662d0>
2017-06-09 19:40:03,241 [WARNING] yandextank.core.tankcore tankcore.py:407	Mandatory option config was not found in section telegraf
2017-06-09 19:40:03,241 [WARNING] yandextank.core.tankcore tankcore.py:407	Mandatory option config was not found in section monitoring
2017-06-09 19:40:03,241 [WARNING] yandextank.core.tankcore tankcore.py:407	Mandatory option default_target was not found in section telegraf
2017-06-09 19:40:03,242 [WARNING] yandextank.core.tankcore tankcore.py:407	Mandatory option default_target was not found in section monitoring
2017-06-09 19:40:03,243 [DEBUG] yandextank.core.tankcore tankcore.py:477	Adding artifact file to collect (keep=False): /var/loadtest/logs/monitoring_GHWo5B.xml
2017-06-09 19:40:03,244 [DEBUG] yandextank.core.tankcore tankcore.py:433	Searching for plugin: <class 'yandextank.plugins.Autostop.plugin.Plugin'>
2017-06-09 19:40:03,244 [DEBUG] yandextank.core.tankcore tankcore.py:262	Configuring <yandextank.plugins.ResourceCheck.plugin.Plugin object at 0x7fbf98c46a90>
2017-06-09 19:40:03,244 [DEBUG] yandextank.core.tankcore tankcore.py:393	No section 'rcheck', adding
2017-06-09 19:40:03,246 [DEBUG] yandextank.core.tankcore tankcore.py:262	Configuring <yandextank.plugins.Aggregator.plugin.Plugin object at 0x7fbf98c660d0>
2017-06-09 19:40:03,246 [DEBUG] yandextank.core.tankcore tankcore.py:393	No section 'aggregator', adding
2017-06-09 19:40:03,247 [INFO] yandextank.core.tankcore tankcore.py:270	Preparing test...
2017-06-09 19:40:03,247 [DEBUG] yandextank.core.tankcore tankcore.py:273	Preparing <yandextank.plugins.Phantom.plugin.Plugin object at 0x7fbf98c66050>
2017-06-09 19:40:03,248 [INFO] yandextank.core.consoleworker consoleworker.py:307	Exception: Traceback (most recent call last):
  File "/usr/local/lib/python2.7/dist-packages/yandextank/core/consoleworker.py", line 268, in perform_test
    self.core.plugins_prepare_test()
  File "/usr/local/lib/python2.7/dist-packages/yandextank/core/tankcore.py", line 274, in plugins_prepare_test
    plugin.prepare_test()
  File "/usr/local/lib/python2.7/dist-packages/yandextank/plugins/Phantom/plugin.py", line 101, in prepare_test
    self.config = self.phantom.compose_config()
  File "/usr/local/lib/python2.7/dist-packages/yandextank/plugins/Phantom/utils.py", line 111, in compose_config
    streams_config += stream.compose_config()
  File "/usr/local/lib/python2.7/dist-packages/yandextank/plugins/Phantom/utils.py", line 288, in compose_config
    self.stepper_wrapper.prepare_stepper()
  File "/usr/local/lib/python2.7/dist-packages/yandextank/stepper/main.py", line 204, in prepare_stepper
    self.stpd = self.__get_stpd_filename()
  File "/usr/local/lib/python2.7/dist-packages/yandextank/stepper/main.py", line 260, in __get_stpd_filename
    raise RuntimeError("Neither ammofile nor uris specified")
RuntimeError: Neither ammofile nor uris specified

2017-06-09 19:40:03,248 [ERROR] yandextank.core.consoleworker consoleworker.py:309	Neither ammofile nor uris specified
2017-06-09 19:40:03,248 [INFO] yandextank.core.consoleworker consoleworker.py:254	Trying to shutdown gracefully...
2017-06-09 19:40:03,248 [INFO] yandextank.core.tankcore tankcore.py:317	Finishing test...
2017-06-09 19:40:03,248 [DEBUG] yandextank.core.tankcore tankcore.py:321	Finalize <yandextank.plugins.Phantom.plugin.Plugin object at 0x7fbf98c66050>
2017-06-09 19:40:03,249 [DEBUG] yandextank.core.tankcore tankcore.py:323	RC before: 1
2017-06-09 19:40:03,249 [DEBUG] yandextank.plugins.Phantom.plugin plugin.py:214	Seems phantom finished OK
2017-06-09 19:40:03,249 [DEBUG] yandextank.core.tankcore tankcore.py:325	RC after: 1
2017-06-09 19:40:03,249 [DEBUG] yandextank.core.tankcore tankcore.py:321	Finalize <yandextank.plugins.Autostop.plugin.Plugin object at 0x7fbf98c66250>
2017-06-09 19:40:03,249 [DEBUG] yandextank.core.tankcore tankcore.py:323	RC before: 1
2017-06-09 19:40:03,249 [DEBUG] yandextank.core.tankcore tankcore.py:325	RC after: 1
2017-06-09 19:40:03,249 [DEBUG] yandextank.core.tankcore tankcore.py:321	Finalize <yandextank.plugins.Console.plugin.Plugin object at 0x7fbf98c66350>
2017-06-09 19:40:03,249 [DEBUG] yandextank.core.tankcore tankcore.py:323	RC before: 1
2017-06-09 19:40:03,249 [DEBUG] yandextank.core.tankcore tankcore.py:325	RC after: 1
2017-06-09 19:40:03,249 [DEBUG] yandextank.core.tankcore tankcore.py:321	Finalize <yandextank.plugins.JsonReport.plugin.Plugin object at 0x7fbf98c667d0>
2017-06-09 19:40:03,249 [DEBUG] yandextank.core.tankcore tankcore.py:323	RC before: 1
2017-06-09 19:40:03,249 [DEBUG] yandextank.core.tankcore tankcore.py:325	RC after: 1
2017-06-09 19:40:03,249 [DEBUG] yandextank.core.tankcore tankcore.py:321	Finalize <yandextank.plugins.ShellExec.plugin.Plugin object at 0x7fbf98c46f50>
2017-06-09 19:40:03,249 [DEBUG] yandextank.core.tankcore tankcore.py:323	RC before: 1
2017-06-09 19:40:03,249 [DEBUG] yandextank.core.tankcore tankcore.py:325	RC after: 1
2017-06-09 19:40:03,249 [DEBUG] yandextank.core.tankcore tankcore.py:321	Finalize <yandextank.plugins.TipsAndTricks.plugin.Plugin object at 0x7fbf98c66510>
2017-06-09 19:40:03,249 [DEBUG] yandextank.core.tankcore tankcore.py:323	RC before: 1
2017-06-09 19:40:03,250 [DEBUG] yandextank.core.tankcore tankcore.py:325	RC after: 1
2017-06-09 19:40:03,250 [DEBUG] yandextank.core.tankcore tankcore.py:321	Finalize <yandextank.plugins.RCAssert.plugin.Plugin object at 0x7fbf98c66790>
2017-06-09 19:40:03,250 [DEBUG] yandextank.core.tankcore tankcore.py:323	RC before: 1
2017-06-09 19:40:03,250 [DEBUG] yandextank.core.tankcore tankcore.py:325	RC after: 1
2017-06-09 19:40:03,250 [DEBUG] yandextank.core.tankcore tankcore.py:321	Finalize <yandextank.plugins.Telegraf.plugin.Plugin object at 0x7fbf98c662d0>
2017-06-09 19:40:03,250 [DEBUG] yandextank.core.tankcore tankcore.py:323	RC before: 1
2017-06-09 19:40:03,250 [INFO] yandextank.plugins.Telegraf.plugin plugin.py:227	Finishing monitoring
2017-06-09 19:40:03,250 [DEBUG] yandextank.plugins.Telegraf.collector collector.py:122	Uninstalling monitoring agents
2017-06-09 19:40:03,250 [DEBUG] yandextank.core.tankcore tankcore.py:325	RC after: 1
2017-06-09 19:40:03,250 [DEBUG] yandextank.core.tankcore tankcore.py:321	Finalize <yandextank.plugins.ResourceCheck.plugin.Plugin object at 0x7fbf98c46a90>
2017-06-09 19:40:03,250 [DEBUG] yandextank.core.tankcore tankcore.py:323	RC before: 1
2017-06-09 19:40:03,250 [DEBUG] yandextank.core.tankcore tankcore.py:325	RC after: 1
2017-06-09 19:40:03,250 [DEBUG] yandextank.core.tankcore tankcore.py:321	Finalize <yandextank.plugins.Aggregator.plugin.Plugin object at 0x7fbf98c660d0>
2017-06-09 19:40:03,250 [DEBUG] yandextank.core.tankcore tankcore.py:323	RC before: 1
2017-06-09 19:40:03,250 [ERROR] yandextank.core.tankcore tankcore.py:327	Failed finishing plugin <yandextank.plugins.Aggregator.plugin.Plugin object at 0x7fbf98c660d0>: 'Plugin' object has no attribute 'drain'
2017-06-09 19:40:03,251 [DEBUG] yandextank.core.tankcore tankcore.py:329	Failed finishing plugin: Traceback (most recent call last):
  File "/usr/local/lib/python2.7/dist-packages/yandextank/core/tankcore.py", line 324, in plugins_end_test
    plugin.end_test(retcode)
  File "/usr/local/lib/python2.7/dist-packages/yandextank/plugins/Aggregator/plugin.py", line 125, in end_test
    if self.drain:
AttributeError: 'Plugin' object has no attribute 'drain'

2017-06-09 19:40:03,251 [INFO] yandextank.core.tankcore tankcore.py:341	Post-processing test...
2017-06-09 19:40:03,251 [DEBUG] yandextank.core.tankcore tankcore.py:345	Post-process <yandextank.plugins.Phantom.plugin.Plugin object at 0x7fbf98c66050>
2017-06-09 19:40:03,251 [DEBUG] yandextank.core.tankcore tankcore.py:347	RC before: 1
2017-06-09 19:40:03,251 [DEBUG] yandextank.core.tankcore tankcore.py:349	RC after: 1
2017-06-09 19:40:03,251 [DEBUG] yandextank.core.tankcore tankcore.py:345	Post-process <yandextank.plugins.Autostop.plugin.Plugin object at 0x7fbf98c66250>
2017-06-09 19:40:03,251 [DEBUG] yandextank.core.tankcore tankcore.py:347	RC before: 1
2017-06-09 19:40:03,251 [DEBUG] yandextank.core.tankcore tankcore.py:349	RC after: 1
2017-06-09 19:40:03,251 [DEBUG] yandextank.core.tankcore tankcore.py:345	Post-process <yandextank.plugins.Console.plugin.Plugin object at 0x7fbf98c66350>
2017-06-09 19:40:03,251 [DEBUG] yandextank.core.tankcore tankcore.py:347	RC before: 1
2017-06-09 19:40:03,251 [DEBUG] yandextank.core.tankcore tankcore.py:349	RC after: 1
2017-06-09 19:40:03,251 [DEBUG] yandextank.core.tankcore tankcore.py:345	Post-process <yandextank.plugins.JsonReport.plugin.Plugin object at 0x7fbf98c667d0>
2017-06-09 19:40:03,252 [DEBUG] yandextank.core.tankcore tankcore.py:347	RC before: 1
2017-06-09 19:40:03,252 [DEBUG] yandextank.core.tankcore tankcore.py:349	RC after: 1
2017-06-09 19:40:03,252 [DEBUG] yandextank.core.tankcore tankcore.py:345	Post-process <yandextank.plugins.ShellExec.plugin.Plugin object at 0x7fbf98c46f50>
2017-06-09 19:40:03,252 [DEBUG] yandextank.core.tankcore tankcore.py:347	RC before: 1
2017-06-09 19:40:03,252 [DEBUG] yandextank.core.tankcore tankcore.py:349	RC after: 1
2017-06-09 19:40:03,252 [DEBUG] yandextank.core.tankcore tankcore.py:345	Post-process <yandextank.plugins.TipsAndTricks.plugin.Plugin object at 0x7fbf98c66510>
2017-06-09 19:40:03,252 [DEBUG] yandextank.core.tankcore tankcore.py:347	RC before: 1
2017-06-09 19:40:03,252 [DEBUG] yandextank.core.tankcore tankcore.py:349	RC after: 1
2017-06-09 19:40:03,252 [DEBUG] yandextank.core.tankcore tankcore.py:345	Post-process <yandextank.plugins.RCAssert.plugin.Plugin object at 0x7fbf98c66790>
2017-06-09 19:40:03,252 [DEBUG] yandextank.core.tankcore tankcore.py:347	RC before: 1
2017-06-09 19:40:03,252 [DEBUG] yandextank.core.tankcore tankcore.py:349	RC after: 1
2017-06-09 19:40:03,252 [DEBUG] yandextank.core.tankcore tankcore.py:345	Post-process <yandextank.plugins.Telegraf.plugin.Plugin object at 0x7fbf98c662d0>
2017-06-09 19:40:03,252 [DEBUG] yandextank.core.tankcore tankcore.py:347	RC before: 1
2017-06-09 19:40:03,252 [DEBUG] yandextank.core.tankcore tankcore.py:349	RC after: 1
2017-06-09 19:40:03,252 [DEBUG] yandextank.core.tankcore tankcore.py:345	Post-process <yandextank.plugins.ResourceCheck.plugin.Plugin object at 0x7fbf98c46a90>
2017-06-09 19:40:03,252 [DEBUG] yandextank.core.tankcore tankcore.py:347	RC before: 1
2017-06-09 19:40:03,253 [DEBUG] yandextank.core.tankcore tankcore.py:349	RC after: 1
2017-06-09 19:40:03,253 [DEBUG] yandextank.core.tankcore tankcore.py:345	Post-process <yandextank.plugins.Aggregator.plugin.Plugin object at 0x7fbf98c660d0>
2017-06-09 19:40:03,253 [DEBUG] yandextank.core.tankcore tankcore.py:347	RC before: 1
2017-06-09 19:40:03,253 [DEBUG] yandextank.core.tankcore tankcore.py:349	RC after: 1
2017-06-09 19:40:03,253 [DEBUG] yandextank.core.tankcore tankcore.py:379	Collecting artifacts
2017-06-09 19:40:03,253 [INFO] yandextank.core.tankcore tankcore.py:380	Artifacts dir: /var/loadtest/logs/2017-06-09_19-40-03.eoW8P0
2017-06-09 19:40:03,253 [DEBUG] yandextank.core.tankcore tankcore.py:453	Collecting file: /var/loadtest/logs/phout_NizkED.log to /var/loadtest/logs/2017-06-09_19-40-03.eoW8P0/phout_NizkED.log
2017-06-09 19:40:03,253 [DEBUG] yandextank.core.tankcore tankcore.py:453	Collecting file: /var/lock/lunapark_xXTGD8.lock to /var/loadtest/logs/2017-06-09_19-40-03.eoW8P0/lunapark_xXTGD8.lock
2017-06-09 19:40:03,254 [DEBUG] yandextank.core.tankcore tankcore.py:453	Collecting file: /var/loadtest/logs/phantom_stat_QulmuU.log to /var/loadtest/logs/2017-06-09_19-40-03.eoW8P0/phantom_stat_QulmuU.log
2017-06-09 19:40:03,254 [DEBUG] yandextank.core.tankcore tankcore.py:453	Collecting file: /var/loadtest/logs/phantom_u5hI2O.log to /var/loadtest/logs/2017-06-09_19-40-03.eoW8P0/phantom_u5hI2O.log
2017-06-09 19:40:03,254 [DEBUG] yandextank.core.tankcore tankcore.py:453	Collecting file: /var/loadtest/logs/answ_nwsmIi.log to /var/loadtest/logs/2017-06-09_19-40-03.eoW8P0/answ_nwsmIi.log
2017-06-09 19:40:03,254 [DEBUG] yandextank.core.tankcore tankcore.py:453	Collecting file: /var/loadtest/logs/monitoring_GHWo5B.xml to /var/loadtest/logs/2017-06-09_19-40-03.eoW8P0/monitoring_GHWo5B.xml
2017-06-09 19:40:03,254 [DEBUG] yandextank.core.tankcore tankcore.py:453	Collecting file: tank.log to /var/loadtest/logs/2017-06-09_19-40-03.eoW8P0/tank.log
2017-06-09 19:40:03,254 [INFO] yandextank.core.consoleworker consoleworker.py:257	Done graceful shutdown
2017-06-09 19:40:03,254 [INFO] yandextank.core.tankcore tankcore.py:567	Close allocated resources...
2017-06-09 19:40:03,254 [DEBUG] yandextank.core.tankcore tankcore.py:570	Close <yandextank.plugins.Phantom.plugin.Plugin object at 0x7fbf98c66050>
2017-06-09 19:40:03,255 [DEBUG] yandextank.core.tankcore tankcore.py:570	Close <yandextank.plugins.Autostop.plugin.Plugin object at 0x7fbf98c66250>
2017-06-09 19:40:03,255 [DEBUG] yandextank.core.tankcore tankcore.py:570	Close <yandextank.plugins.Console.plugin.Plugin object at 0x7fbf98c66350>
2017-06-09 19:40:03,255 [DEBUG] yandextank.core.tankcore tankcore.py:570	Close <yandextank.plugins.JsonReport.plugin.Plugin object at 0x7fbf98c667d0>
2017-06-09 19:40:03,255 [DEBUG] yandextank.core.tankcore tankcore.py:570	Close <yandextank.plugins.ShellExec.plugin.Plugin object at 0x7fbf98c46f50>
2017-06-09 19:40:03,255 [DEBUG] yandextank.core.tankcore tankcore.py:570	Close <yandextank.plugins.TipsAndTricks.plugin.Plugin object at 0x7fbf98c66510>
2017-06-09 19:40:03,255 [DEBUG] yandextank.core.tankcore tankcore.py:570	Close <yandextank.plugins.RCAssert.plugin.Plugin object at 0x7fbf98c66790>
2017-06-09 19:40:03,255 [DEBUG] yandextank.core.tankcore tankcore.py:570	Close <yandextank.plugins.Telegraf.plugin.Plugin object at 0x7fbf98c662d0>
2017-06-09 19:40:03,255 [DEBUG] yandextank.core.tankcore tankcore.py:570	Close <yandextank.plugins.ResourceCheck.plugin.Plugin object at 0x7fbf98c46a90>
2017-06-09 19:40:03,255 [DEBUG] yandextank.core.tankcore tankcore.py:570	Close <yandextank.plugins.Aggregator.plugin.Plugin object at 0x7fbf98c660d0>
2017-06-09 19:40:03,255 [INFO] yandextank.core.consoleworker consoleworker.py:317	Done performing test with code 1
